2017-12-07 14:28:17,994 logger.py[line:22] userInfo 留存数据删除状态-6！
2017-12-07 14:28:17,999 logger.py[line:20] database (1062, "Duplicate entry '2017-12-07' for key 'PRIMARY'")
2017-12-07 14:28:18,000 logger.py[line:20] database (1062, "Duplicate entry '2017-12-07' for key 'PRIMARY'")
2017-12-07 14:28:18,000 logger.py[line:20] database (1062, "Duplicate entry '2017-12-07' for key 'PRIMARY'")
2017-12-07 14:28:18,000 logger.py[line:20] database (1062, "Duplicate entry '2017-12-07' for key 'PRIMARY'")
2017-12-07 14:28:18,000 logger.py[line:20] database (1062, "Duplicate entry '2017-12-07' for key 'PRIMARY'")
2017-12-07 14:28:18,000 logger.py[line:20] database (1062, "Duplicate entry '2017-12-07' for key 'PRIMARY'")
2017-12-07 14:28:18,000 logger.py[line:20] database (1062, "Duplicate entry '2017-12-07' for key 'PRIMARY'")
2017-12-07 14:28:18,000 logger.py[line:20] database (1062, "Duplicate entry '2017-12-07' for key 'PRIMARY'")
2017-12-07 14:28:18,000 logger.py[line:20] database (1062, "Duplicate entry '2017-12-07' for key 'PRIMARY'")
2017-12-07 14:28:18,002 logger.py[line:22] userInfo 留存数据更新状态-1！(2017-03)
2017-12-07 14:46:06,645 logger.py[line:22] userInfo 留存数据删除状态-6！
2017-12-07 14:46:06,674 logger.py[line:22] userInfo 留存数据更新状态-6！(2017-03)
2017-12-07 14:47:24,542 logger.py[line:22] userInfo 留存数据删除状态-6！
2017-12-07 14:47:24,558 logger.py[line:22] userInfo 留存数据更新状态-6！(2017-03)
2017-12-07 14:47:32,898 logger.py[line:22] userInfo 留存数据删除状态-6！
2017-12-07 14:47:32,923 logger.py[line:22] userInfo 留存数据更新状态-6！(2017-04)
2017-12-07 14:47:41,750 logger.py[line:22] userInfo 留存数据删除状态-6！
2017-12-07 14:47:41,773 logger.py[line:22] userInfo 留存数据更新状态-6！(2017-05)
2017-12-07 14:47:50,249 logger.py[line:22] userInfo 留存数据删除状态-6！
2017-12-07 14:47:50,265 logger.py[line:22] userInfo 留存数据更新状态-6！(2017-06)
2017-12-07 14:47:58,305 logger.py[line:22] userInfo 留存数据删除状态-6！
2017-12-07 14:47:58,318 logger.py[line:22] userInfo 留存数据更新状态-6！(2017-07)
2017-12-07 14:48:06,838 logger.py[line:22] userInfo 留存数据删除状态-6！
2017-12-07 14:48:06,855 logger.py[line:22] userInfo 留存数据更新状态-6！(2017-08)
2017-12-07 14:48:15,723 logger.py[line:22] userInfo 留存数据删除状态-6！
2017-12-07 14:48:15,737 logger.py[line:22] userInfo 留存数据更新状态-6！(2017-09)
2017-12-07 14:48:24,042 logger.py[line:22] userInfo 留存数据删除状态-6！
2017-12-07 14:48:24,053 logger.py[line:22] userInfo 留存数据更新状态-6！(2017-10)
2017-12-07 14:48:32,585 logger.py[line:22] userInfo 留存数据删除状态-6！
2017-12-07 14:48:32,589 logger.py[line:22] userInfo 留存数据更新状态-6！(2017-11)
2017-12-07 14:55:56,062 logger.py[line:20] database (1062, "Duplicate entry '2017-12-07' for key 'PRIMARY'")
2017-12-07 14:55:56,062 logger.py[line:22] userInfo 用户性别（总）更新状态-1！
2017-12-07 14:55:57,381 logger.py[line:20] database (1062, "Duplicate entry '2017-12-07' for key 'PRIMARY'")
2017-12-07 14:55:57,381 logger.py[line:22] userInfo 用户年龄（总）更新状态-1！
2017-12-07 14:56:04,895 logger.py[line:22] userInfo 留存数据删除状态-6！
2017-12-07 14:56:04,914 logger.py[line:22] userInfo 留存数据更新状态-6！(2017-03)
2017-12-07 14:56:12,395 logger.py[line:22] userInfo 留存数据删除状态-6！
2017-12-07 14:56:12,430 logger.py[line:22] userInfo 留存数据更新状态-6！(2017-04)
2017-12-07 14:56:20,342 logger.py[line:22] userInfo 留存数据删除状态-6！
2017-12-07 14:56:20,355 logger.py[line:22] userInfo 留存数据更新状态-6！(2017-05)
2017-12-07 14:56:28,582 logger.py[line:22] userInfo 留存数据删除状态-6！
2017-12-07 14:56:28,592 logger.py[line:22] userInfo 留存数据更新状态-6！(2017-06)
2017-12-07 14:56:36,213 logger.py[line:22] userInfo 留存数据删除状态-6！
2017-12-07 14:56:36,224 logger.py[line:22] userInfo 留存数据更新状态-6！(2017-07)
2017-12-07 14:56:44,286 logger.py[line:22] userInfo 留存数据删除状态-6！
2017-12-07 14:56:44,293 logger.py[line:22] userInfo 留存数据更新状态-6！(2017-08)
2017-12-07 14:56:52,637 logger.py[line:22] userInfo 留存数据删除状态-6！
2017-12-07 14:56:52,644 logger.py[line:22] userInfo 留存数据更新状态-6！(2017-09)
2017-12-07 14:57:00,811 logger.py[line:22] userInfo 留存数据删除状态-6！
2017-12-07 14:57:00,822 logger.py[line:22] userInfo 留存数据更新状态-6！(2017-10)
2017-12-07 14:57:09,196 logger.py[line:22] userInfo 留存数据删除状态-6！
2017-12-07 14:57:09,200 logger.py[line:22] userInfo 留存数据更新状态-6！(2017-11)
